[INFO ] 2020-05-08 09:41:22.818 [main] DealershipLog - The car has been created.
[INFO ] 2020-05-08 09:47:51.803 [main] DealershipLog - Car has been added to the lot.
[INFO ] 2020-05-08 16:51:41.103 [main] DealershipLog - User has been added to DB
[INFO ] 2020-05-08 17:06:02.236 [main] DealershipLog - User has been added to DB
[INFO ] 2020-05-08 17:07:05.665 [main] DealershipLog - User has been added to DB
[INFO ] 2020-05-08 17:09:37.194 [main] DealershipLog - User has been added to DB
[INFO ] 2020-05-08 17:41:54.286 [main] DealershipLog - User has been added to DB
[INFO ] 2020-05-08 17:42:42.126 [main] DealershipLog - User has been added to DB
[INFO ] 2020-05-08 17:44:29.766 [main] DealershipLog - User has been added to DB
[INFO ] 2020-05-08 17:44:51.797 [main] DealershipLog - User has been added to DB
[INFO ] 2020-05-08 17:47:54.697 [main] DealershipLog - User has been added to DB
[INFO ] 2020-05-09 21:13:05.136 [main] DealershipLog - Customer has been created and stored in the database.
[INFO ] 2020-05-10 09:54:36.683 [main] DealershipLog - Customer has been created and stored in the database.
[INFO ] 2020-05-10 09:56:19.666 [main] DealershipLog - Employee has been created and stored in the database.
[INFO ] 2020-05-10 10:04:43.102 [main] DealershipLog - Employee has been created and stored in the database.
[INFO ] 2020-05-10 12:12:42.202 [main] DealershipLog - Employee has been retrieved fromt the database.
[INFO ] 2020-05-10 12:18:08.974 [main] DealershipLog - Employee has been retrieved fromt the database.
[INFO ] 2020-05-10 12:18:56.806 [main] DealershipLog - Employee has been retrieved fromt the database.
[INFO ] 2020-05-10 12:46:58.443 [main] DealershipLog - Employee has been retrieved fromt the database.
[INFO ] 2020-05-11 11:49:53.191 [main] DealershipLog - Customer has been retrieved fromt the database.
[INFO ] 2020-05-11 11:57:45.927 [main] DealershipLog - Employee has been retrieved fromt the database.
[INFO ] 2020-05-11 11:59:49.902 [main] DealershipLog - Employee has been retrieved fromt the database.
[INFO ] 2020-05-11 12:00:44.793 [main] DealershipLog - Customer has been retrieved fromt the database.
[INFO ] 2020-05-11 12:01:37.055 [main] DealershipLog - Customer has been retrieved fromt the database.
[INFO ] 2020-05-11 12:02:25.940 [main] DealershipLog - Customer has been retrieved fromt the database.
[INFO ] 2020-05-11 12:02:58.191 [main] DealershipLog - Customer has been retrieved fromt the database.
[INFO ] 2020-05-11 12:07:18.773 [main] DealershipLog - Customer has been retrieved fromt the database.
[INFO ] 2020-05-11 12:22:57.901 [main] DealershipLog - Customer has been retrieved fromt the database.
[INFO ] 2020-05-11 12:24:16.625 [main] DealershipLog - Customer has been retrieved fromt the database.
[INFO ] 2020-05-11 12:24:48.415 [main] DealershipLog - Customer has been retrieved fromt the database.
[INFO ] 2020-05-11 12:46:11.649 [main] DealershipLog - Customer has been retrieved fromt the database.
[INFO ] 2020-05-11 12:47:46.814 [main] DealershipLog - Customer has been retrieved fromt the database.
[INFO ] 2020-05-11 12:48:15.119 [main] DealershipLog - Customer has been retrieved fromt the database.
[INFO ] 2020-05-11 12:49:02.851 [main] DealershipLog - Customer has been retrieved fromt the database.
[INFO ] 2020-05-11 13:20:13.071 [main] DealershipLog - Customer has been retrieved fromt the database.
[INFO ] 2020-05-11 13:24:43.288 [main] DealershipLog - Customer has been retrieved fromt the database.
[INFO ] 2020-05-11 13:25:53.347 [main] DealershipLog - Customer has been retrieved fromt the database.
[INFO ] 2020-05-11 13:27:28.150 [main] DealershipLog - Customer has been retrieved fromt the database.
[INFO ] 2020-05-11 13:29:07.128 [main] DealershipLog - Customer has been retrieved fromt the database.
[INFO ] 2020-05-11 14:39:17.232 [main] DealershipLog - Customer has been retrieved fromt the database.
[INFO ] 2020-05-11 14:41:17.436 [main] DealershipLog - Customer has been retrieved fromt the database.
[INFO ] 2020-05-11 14:57:34.025 [main] DealershipLog - Customer has been retrieved fromt the database.
[INFO ] 2020-05-11 15:00:07.640 [main] DealershipLog - Customer has been retrieved fromt the database.
[INFO ] 2020-05-11 15:00:57.991 [main] DealershipLog - Customer has been retrieved fromt the database.
[INFO ] 2020-05-11 16:28:28.132 [main] DealershipLog - Customer has been created and stored in the database.
[INFO ] 2020-05-11 16:29:15.651 [main] DealershipLog - Employee has been created and stored in the database.
[INFO ] 2020-05-11 16:29:55.562 [main] DealershipLog - Employee has been retrieved fromt the database.
[INFO ] 2020-05-11 16:36:26.866 [main] DealershipLog - Employee has been retrieved fromt the database.
[INFO ] 2020-05-11 16:36:41.858 [main] DealershipLog - Car has been added to the lot.
[INFO ] 2020-05-11 16:37:00.390 [main] DealershipLog - Employee has been retrieved fromt the database.
[INFO ] 2020-05-11 16:37:23.730 [main] DealershipLog - Car has been added to the lot.
[INFO ] 2020-05-11 16:37:43.163 [main] DealershipLog - Employee has been retrieved fromt the database.
[INFO ] 2020-05-11 16:38:19.037 [main] DealershipLog - Employee has been retrieved fromt the database.
[INFO ] 2020-05-11 16:38:35.982 [main] DealershipLog - Car has been added to the lot.
[INFO ] 2020-05-11 16:38:58.697 [main] DealershipLog - Employee has been retrieved fromt the database.
[INFO ] 2020-05-11 16:39:17.896 [main] DealershipLog - Employee has been retrieved fromt the database.
[INFO ] 2020-05-11 16:39:32.624 [main] DealershipLog - Car has been added to the lot.
[INFO ] 2020-05-11 16:40:39.056 [main] DealershipLog - Employee has been retrieved fromt the database.
[INFO ] 2020-05-11 16:41:02.501 [main] DealershipLog - Car has been added to the lot.
[INFO ] 2020-05-11 16:48:40.956 [main] DealershipLog - Employee has been retrieved fromt the database.
[INFO ] 2020-05-11 16:49:35.145 [main] DealershipLog - Car has been added to the lot.
[INFO ] 2020-05-11 16:49:56.835 [main] DealershipLog - Employee has been retrieved fromt the database.
[INFO ] 2020-05-11 16:50:56.339 [main] DealershipLog - Car has been added to the lot.
[INFO ] 2020-05-11 16:51:26.139 [main] DealershipLog - Car has been added to the lot.
[INFO ] 2020-05-11 16:52:05.452 [main] DealershipLog - Employee has been retrieved fromt the database.
[INFO ] 2020-05-11 16:53:02.144 [main] DealershipLog - Car has been added to the lot.
[INFO ] 2020-05-11 16:53:47.059 [main] DealershipLog - Car has been added to the lot.
[INFO ] 2020-05-11 16:53:53.101 [main] DealershipLog - Employee has been retrieved fromt the database.
[INFO ] 2020-05-11 17:00:38.921 [main] DealershipLog - Customer has been retrieved fromt the database.
[INFO ] 2020-05-11 17:03:43.094 [main] DealershipLog - Customer has been retrieved fromt the database.
[INFO ] 2020-05-11 17:04:03.877 [main] DealershipLog - Customer has been retrieved fromt the database.
[INFO ] 2020-05-12 10:03:29.387 [main] DealershipLog - Employee has been retrieved fromt the database.
[INFO ] 2020-05-12 10:04:28.596 [main] DealershipLog - Employee has been retrieved fromt the database.
[INFO ] 2020-05-12 10:05:09.268 [main] DealershipLog - Customer has been retrieved fromt the database.
[INFO ] 2020-05-12 10:06:58.854 [main] DealershipLog - Customer has been created and stored in the database.
[INFO ] 2020-05-12 10:07:18.570 [main] DealershipLog - Customer has been retrieved fromt the database.
[INFO ] 2020-05-12 10:07:45.802 [main] DealershipLog - Customer has been retrieved fromt the database.
[INFO ] 2020-05-12 10:08:14.838 [main] DealershipLog - Customer has been retrieved fromt the database.
[INFO ] 2020-05-12 10:08:58.595 [main] DealershipLog - Employee has been retrieved fromt the database.
[INFO ] 2020-05-12 10:09:59.680 [main] DealershipLog - Offer has been accepted.
[INFO ] 2020-05-12 10:19:55.894 [main] DealershipLog - Employee has been retrieved fromt the database.
[INFO ] 2020-05-12 10:20:34.845 [main] DealershipLog - Offer has been accepted.
[INFO ] 2020-05-12 10:25:39.544 [main] DealershipLog - Employee has been retrieved fromt the database.
[INFO ] 2020-05-12 10:27:04.452 [main] DealershipLog - Customer has been created and stored in the database.
[INFO ] 2020-05-12 10:27:28.224 [main] DealershipLog - Customer has been retrieved fromt the database.
[INFO ] 2020-05-12 10:28:10.306 [main] DealershipLog - Employee has been retrieved fromt the database.
[INFO ] 2020-05-12 10:33:06.206 [main] DealershipLog - Customer has been retrieved fromt the database.
[INFO ] 2020-05-12 10:33:52.359 [main] DealershipLog - Customer has been retrieved fromt the database.
[INFO ] 2020-05-12 10:34:12.185 [main] DealershipLog - Customer has been retrieved fromt the database.
[INFO ] 2020-05-12 10:35:10.282 [main] DealershipLog - Employee has been retrieved fromt the database.
[INFO ] 2020-05-12 10:35:57.893 [main] DealershipLog - Offer has been accepted.
[INFO ] 2020-05-12 10:39:59.192 [main] DealershipLog - Employee has been retrieved fromt the database.
[INFO ] 2020-05-12 10:40:28.558 [main] DealershipLog - Offer has been accepted.
[INFO ] 2020-05-12 10:43:18.825 [main] DealershipLog - Employee has been retrieved fromt the database.
[INFO ] 2020-05-12 10:43:37.614 [main] DealershipLog - Offer has been accepted.
[INFO ] 2020-05-12 10:50:50.168 [main] DealershipLog - Customer has been retrieved fromt the database.
[INFO ] 2020-05-12 10:51:14.867 [main] DealershipLog - Customer has been retrieved fromt the database.
[INFO ] 2020-05-12 10:51:34.959 [main] DealershipLog - Customer has been retrieved fromt the database.
[INFO ] 2020-05-12 10:51:56.343 [main] DealershipLog - Employee has been retrieved fromt the database.
[INFO ] 2020-05-12 10:52:38.075 [main] DealershipLog - Offer has been accepted.
[INFO ] 2020-05-12 11:00:57.079 [main] DealershipLog - Customer has been retrieved fromt the database.
[INFO ] 2020-05-12 11:15:33.855 [main] DealershipLog - Customer has been retrieved fromt the database.
[INFO ] 2020-05-12 11:16:08.215 [main] DealershipLog - Customer has been retrieved fromt the database.
[INFO ] 2020-05-12 11:16:27.425 [main] DealershipLog - Customer has been retrieved fromt the database.
[INFO ] 2020-05-12 11:16:53.900 [main] DealershipLog - Employee has been retrieved fromt the database.
[INFO ] 2020-05-12 11:17:53.450 [main] DealershipLog - Offer has been accepted.
